<?xml version="1.0" encoding="UTF-8"?>
<testsuite name="com.minju.study.springboot.domain.posts.PostsRepositoryTest" tests="1" skipped="0" failures="0" errors="0" timestamp="2022-02-09T05:05:55" hostname="DESKTOP-0TSCEPD" time="0.541">
  <properties/>
  <testcase name="게시글저장_불러오기" classname="com.minju.study.springboot.domain.posts.PostsRepositoryTest" time="0.541"/>
  <system-out><![CDATA[14:05:49.716 [Test worker] DEBUG org.springframework.test.context.junit4.SpringJUnit4ClassRunner - SpringJUnit4ClassRunner constructor called with [class com.minju.study.springboot.domain.posts.PostsRepositoryTest]
14:05:49.731 [Test worker] DEBUG org.springframework.test.context.BootstrapUtils - Instantiating CacheAwareContextLoaderDelegate from class [org.springframework.test.context.cache.DefaultCacheAwareContextLoaderDelegate]
14:05:49.731 [Test worker] DEBUG org.springframework.test.context.BootstrapUtils - Instantiating BootstrapContext using constructor [public org.springframework.test.context.support.DefaultBootstrapContext(java.lang.Class,org.springframework.test.context.CacheAwareContextLoaderDelegate)]
14:05:49.762 [Test worker] DEBUG org.springframework.test.context.BootstrapUtils - Instantiating TestContextBootstrapper for test class [com.minju.study.springboot.domain.posts.PostsRepositoryTest] from class [org.springframework.boot.test.context.SpringBootTestContextBootstrapper]
14:05:49.778 [Test worker] INFO org.springframework.boot.test.context.SpringBootTestContextBootstrapper - Neither @ContextConfiguration nor @ContextHierarchy found for test class [com.minju.study.springboot.domain.posts.PostsRepositoryTest], using SpringBootContextLoader
14:05:49.778 [Test worker] DEBUG org.springframework.test.context.support.AbstractContextLoader - Did not detect default resource location for test class [com.minju.study.springboot.domain.posts.PostsRepositoryTest]: class path resource [com/minju/study/springboot/domain/posts/PostsRepositoryTest-context.xml] does not exist
14:05:49.778 [Test worker] DEBUG org.springframework.test.context.support.AbstractContextLoader - Did not detect default resource location for test class [com.minju.study.springboot.domain.posts.PostsRepositoryTest]: class path resource [com/minju/study/springboot/domain/posts/PostsRepositoryTestContext.groovy] does not exist
14:05:49.778 [Test worker] INFO org.springframework.test.context.support.AbstractContextLoader - Could not detect default resource locations for test class [com.minju.study.springboot.domain.posts.PostsRepositoryTest]: no resource found for suffixes {-context.xml, Context.groovy}.
14:05:49.778 [Test worker] INFO org.springframework.test.context.support.AnnotationConfigContextLoaderUtils - Could not detect default configuration classes for test class [com.minju.study.springboot.domain.posts.PostsRepositoryTest]: PostsRepositoryTest does not declare any static, non-private, non-final, nested classes annotated with @Configuration.
14:05:49.825 [Test worker] DEBUG org.springframework.test.context.support.ActiveProfilesUtils - Could not find an 'annotation declaring class' for annotation type [org.springframework.test.context.ActiveProfiles] and class [com.minju.study.springboot.domain.posts.PostsRepositoryTest]
14:05:49.903 [Test worker] DEBUG org.springframework.context.annotation.ClassPathScanningCandidateComponentProvider - Identified candidate component class: file [C:\Users\81461\IdeaProjects\study-springboot-book\build\classes\java\main\com\minju\study\springboot\Application.class]
14:05:49.919 [Test worker] INFO org.springframework.boot.test.context.SpringBootTestContextBootstrapper - Found @SpringBootConfiguration com.minju.study.springboot.Application for test class com.minju.study.springboot.domain.posts.PostsRepositoryTest
14:05:50.012 [Test worker] DEBUG org.springframework.boot.test.context.SpringBootTestContextBootstrapper - @TestExecutionListeners is not present for class [com.minju.study.springboot.domain.posts.PostsRepositoryTest]: using defaults.
14:05:50.012 [Test worker] INFO org.springframework.boot.test.context.SpringBootTestContextBootstrapper - Loaded default TestExecutionListener class names from location [META-INF/spring.factories]: [org.springframework.boot.test.autoconfigure.restdocs.RestDocsTestExecutionListener, org.springframework.boot.test.autoconfigure.web.client.MockRestServiceServerResetTestExecutionListener, org.springframework.boot.test.autoconfigure.web.servlet.MockMvcPrintOnlyOnFailureTestExecutionListener, org.springframework.boot.test.autoconfigure.web.servlet.WebDriverTestExecutionListener, org.springframework.boot.test.mock.mockito.MockitoTestExecutionListener, org.springframework.boot.test.mock.mockito.ResetMocksTestExecutionListener, org.springframework.test.context.web.ServletTestExecutionListener, org.springframework.test.context.support.DirtiesContextBeforeModesTestExecutionListener, org.springframework.test.context.support.DependencyInjectionTestExecutionListener, org.springframework.test.context.support.DirtiesContextTestExecutionListener, org.springframework.test.context.transaction.TransactionalTestExecutionListener, org.springframework.test.context.jdbc.SqlScriptsTestExecutionListener]
14:05:50.028 [Test worker] INFO org.springframework.boot.test.context.SpringBootTestContextBootstrapper - Using TestExecutionListeners: [org.springframework.test.context.web.ServletTestExecutionListener@790fae56, org.springframework.test.context.support.DirtiesContextBeforeModesTestExecutionListener@209d96a9, org.springframework.boot.test.mock.mockito.MockitoTestExecutionListener@41967978, org.springframework.boot.test.autoconfigure.SpringBootDependencyInjectionTestExecutionListener@12892e7d, org.springframework.test.context.support.DirtiesContextTestExecutionListener@16f04f64, org.springframework.test.context.transaction.TransactionalTestExecutionListener@5a94bbcd, org.springframework.test.context.jdbc.SqlScriptsTestExecutionListener@283b545e, org.springframework.boot.test.autoconfigure.restdocs.RestDocsTestExecutionListener@739a7de2, org.springframework.boot.test.autoconfigure.web.client.MockRestServiceServerResetTestExecutionListener@6785879a, org.springframework.boot.test.autoconfigure.web.servlet.MockMvcPrintOnlyOnFailureTestExecutionListener@18301274, org.springframework.boot.test.autoconfigure.web.servlet.WebDriverTestExecutionListener@6adb3c88, org.springframework.boot.test.mock.mockito.ResetMocksTestExecutionListener@4a8e395c]
14:05:50.044 [Test worker] DEBUG org.springframework.test.annotation.ProfileValueUtils - Retrieved @ProfileValueSourceConfiguration [null] for test class [com.minju.study.springboot.domain.posts.PostsRepositoryTest]
14:05:50.044 [Test worker] DEBUG org.springframework.test.annotation.ProfileValueUtils - Retrieved ProfileValueSource type [class org.springframework.test.annotation.SystemProfileValueSource] for class [com.minju.study.springboot.domain.posts.PostsRepositoryTest]
14:05:50.044 [Test worker] DEBUG org.springframework.test.annotation.ProfileValueUtils - Retrieved @ProfileValueSourceConfiguration [null] for test class [com.minju.study.springboot.domain.posts.PostsRepositoryTest]
14:05:50.044 [Test worker] DEBUG org.springframework.test.annotation.ProfileValueUtils - Retrieved ProfileValueSource type [class org.springframework.test.annotation.SystemProfileValueSource] for class [com.minju.study.springboot.domain.posts.PostsRepositoryTest]
14:05:50.044 [Test worker] DEBUG org.springframework.test.annotation.ProfileValueUtils - Retrieved @ProfileValueSourceConfiguration [null] for test class [com.minju.study.springboot.domain.posts.PostsRepositoryTest]
14:05:50.044 [Test worker] DEBUG org.springframework.test.annotation.ProfileValueUtils - Retrieved ProfileValueSource type [class org.springframework.test.annotation.SystemProfileValueSource] for class [com.minju.study.springboot.domain.posts.PostsRepositoryTest]
14:05:50.044 [Test worker] DEBUG org.springframework.test.context.support.AbstractDirtiesContextTestExecutionListener - Before test class: context [DefaultTestContext@4f027720 testClass = PostsRepositoryTest, testInstance = [null], testMethod = [null], testException = [null], mergedContextConfiguration = [WebMergedContextConfiguration@553a19e testClass = PostsRepositoryTest, locations = '{}', classes = '{class com.minju.study.springboot.Application}', contextInitializerClasses = '[]', activeProfiles = '{}', propertySourceLocations = '{}', propertySourceProperties = '{org.springframework.boot.test.context.SpringBootTestContextBootstrapper=true}', contextCustomizers = set[org.springframework.boot.test.autoconfigure.properties.PropertyMappingContextCustomizer@0, org.springframework.boot.test.autoconfigure.web.servlet.WebDriverContextCustomizerFactory$Customizer@62beeb1, org.springframework.boot.test.context.filter.ExcludeFilterContextCustomizer@4bc65ac, org.springframework.boot.test.json.DuplicateJsonObjectContextCustomizerFactory$DuplicateJsonObjectContextCustomizer@10277173, org.springframework.boot.test.mock.mockito.MockitoContextCustomizer@0, org.springframework.boot.test.web.client.TestRestTemplateContextCustomizer@5e4e202d], resourceBasePath = 'src/main/webapp', contextLoader = 'org.springframework.boot.test.context.SpringBootContextLoader', parent = [null]], attributes = map['org.springframework.test.context.web.ServletTestExecutionListener.activateListener' -> true]], class annotated with @DirtiesContext [false] with mode [null].
14:05:50.044 [Test worker] DEBUG org.springframework.test.annotation.ProfileValueUtils - Retrieved @ProfileValueSourceConfiguration [null] for test class [com.minju.study.springboot.domain.posts.PostsRepositoryTest]
14:05:50.044 [Test worker] DEBUG org.springframework.test.annotation.ProfileValueUtils - Retrieved ProfileValueSource type [class org.springframework.test.annotation.SystemProfileValueSource] for class [com.minju.study.springboot.domain.posts.PostsRepositoryTest]
14:05:50.059 [Test worker] DEBUG org.springframework.test.context.support.TestPropertySourceUtils - Adding inlined properties to environment: {spring.jmx.enabled=false, org.springframework.boot.test.context.SpringBootTestContextBootstrapper=true, server.port=-1}

  .   ____          _            __ _ _
 /\\ / ___'_ __ _ _(_)_ __  __ _ \ \ \ \
( ( )\___ | '_ | '_| | '_ \/ _` | \ \ \ \
 \\/  ___)| |_)| | | | | || (_| |  ) ) ) )
  '  |____| .__|_| |_|_| |_\__, | / / / /
 =========|_|==============|___/=/_/_/_/
 :: Spring Boot ::        (v2.1.7.RELEASE)

2022-02-09 14:05:50.318  INFO 23408 --- [    Test worker] c.m.s.s.d.posts.PostsRepositoryTest      : Starting PostsRepositoryTest on DESKTOP-0TSCEPD with PID 23408 (started by 81461 in C:\Users\81461\IdeaProjects\study-springboot-book)
2022-02-09 14:05:50.318  INFO 23408 --- [    Test worker] c.m.s.s.d.posts.PostsRepositoryTest      : No active profile set, falling back to default profiles: default
2022-02-09 14:05:51.099  INFO 23408 --- [    Test worker] .s.d.r.c.RepositoryConfigurationDelegate : Bootstrapping Spring Data repositories in DEFAULT mode.
2022-02-09 14:05:51.192  INFO 23408 --- [    Test worker] .s.d.r.c.RepositoryConfigurationDelegate : Finished Spring Data repository scanning in 78ms. Found 1 repository interfaces.
2022-02-09 14:05:51.552  INFO 23408 --- [    Test worker] trationDelegate$BeanPostProcessorChecker : Bean 'org.springframework.transaction.annotation.ProxyTransactionManagementConfiguration' of type [org.springframework.transaction.annotation.ProxyTransactionManagementConfiguration$$EnhancerBySpringCGLIB$$70654355] is not eligible for getting processed by all BeanPostProcessors (for example: not eligible for auto-proxying)
2022-02-09 14:05:51.825  INFO 23408 --- [    Test worker] com.zaxxer.hikari.HikariDataSource       : HikariPool-1 - Starting...
2022-02-09 14:05:51.983  INFO 23408 --- [    Test worker] com.zaxxer.hikari.HikariDataSource       : HikariPool-1 - Start completed.
2022-02-09 14:05:52.061  INFO 23408 --- [    Test worker] o.hibernate.jpa.internal.util.LogHelper  : HHH000204: Processing PersistenceUnitInfo [
	name: default
	...]
2022-02-09 14:05:52.139  INFO 23408 --- [    Test worker] org.hibernate.Version                    : HHH000412: Hibernate Core {5.3.10.Final}
2022-02-09 14:05:52.139  INFO 23408 --- [    Test worker] org.hibernate.cfg.Environment            : HHH000206: hibernate.properties not found
2022-02-09 14:05:52.311  INFO 23408 --- [    Test worker] o.hibernate.annotations.common.Version   : HCANN000001: Hibernate Commons Annotations {5.0.4.Final}
2022-02-09 14:05:52.499  INFO 23408 --- [    Test worker] org.hibernate.dialect.Dialect            : HHH000400: Using dialect: org.hibernate.dialect.MySQL5InnoDBDialect
Hibernate: drop table if exists posts
Hibernate: create table posts (id bigint not null auto_increment, author varchar(255), content TEXT not null, title varchar(500) not null, primary key (id)) engine=InnoDB
2022-02-09 14:05:53.477  INFO 23408 --- [    Test worker] o.h.t.schema.internal.SchemaCreatorImpl  : HHH000476: Executing import script 'org.hibernate.tool.schema.internal.exec.ScriptSourceInputNonExistentImpl@45a1068'
2022-02-09 14:05:53.492  INFO 23408 --- [    Test worker] j.LocalContainerEntityManagerFactoryBean : Initialized JPA EntityManagerFactory for persistence unit 'default'
2022-02-09 14:05:54.719  INFO 23408 --- [    Test worker] o.s.s.concurrent.ThreadPoolTaskExecutor  : Initializing ExecutorService 'applicationTaskExecutor'
2022-02-09 14:05:54.781  WARN 23408 --- [    Test worker] aWebConfiguration$JpaWebMvcConfiguration : spring.jpa.open-in-view is enabled by default. Therefore, database queries may be performed during view rendering. Explicitly configure spring.jpa.open-in-view to disable this warning
2022-02-09 14:05:55.196  INFO 23408 --- [    Test worker] c.m.s.s.d.posts.PostsRepositoryTest      : Started PostsRepositoryTest in 5.121 seconds (JVM running for 6.415)
Hibernate: insert into posts (author, content, title) values (?, ?, ?)
2022-02-09 14:05:55.504  INFO 23408 --- [    Test worker] o.h.h.i.QueryTranslatorFactoryInitiator  : HHH000397: Using ASTQueryTranslatorFactory
Hibernate: select posts0_.id as id1_0_, posts0_.author as author2_0_, posts0_.content as content3_0_, posts0_.title as title4_0_ from posts posts0_
Hibernate: select posts0_.id as id1_0_, posts0_.author as author2_0_, posts0_.content as content3_0_, posts0_.title as title4_0_ from posts posts0_
Hibernate: delete from posts where id=?
]]></system-out>
  <system-err><![CDATA[]]></system-err>
</testsuite>
